<?xml version="1.0" encoding="utf-8"?><testsuites name="pytest tests"><testsuite name="pytest" errors="0" failures="0" skipped="0" tests="40" time="6.498" timestamp="2026-07-23T01:35:03.353753+00:00" hostname="agent-env-2b69cd3b-1f58-40a1-936a-353382a838af"><testcase classname="tests.backend_test.TestOrdersPreview" name="test_activation_single" time="2.245" /><testcase classname="tests.backend_test.TestOrdersPreview" name="test_activation_missing_custom_field" time="0.090" /><testcase classname="tests.backend_test.TestUserAuth" name="test_register_created" time="2.280" /><testcase classname="tests.backend_test.TestUserAuth" name="test_register_invalid_cpf" time="0.102" /><testcase classname="tests.backend_test.TestOrdersPreview" name="test_two_activation_products_rejected" time="0.049" /><testcase classname="tests.backend_test.TestUserAuth" name="test_register_duplicate_cpf" time="0.055" /><testcase classname="tests.backend_test.TestOrdersPreview" name="test_mixing_rejected" time="0.046" /><testcase classname="tests.backend_test.TestOrdersPreview" name="test_credits_volume_discount" time="0.052" /><testcase classname="tests.backend_test.TestUserAuth" name="test_login" time="0.287" /><testcase classname="tests.backend_test.TestOrdersPreview" name="test_credits_qty_out_of_range" time="0.232" /><testcase classname="tests.backend_test.TestHealth" name="test_api_root" time="0.047" /><testcase classname="tests.backend_test.TestUserAuth" name="test_login_bad_password" time="0.321" /><testcase classname="tests.backend_test.TestHealth" name="test_health" time="0.240" /><testcase classname="tests.backend_test.TestHealth" name="test_ready" time="0.089" /><testcase classname="tests.backend_test.TestUserAuth" name="test_me" time="0.082" /><testcase classname="tests.backend_test.TestHealth" name="test_live" time="0.087" /><testcase classname="tests.backend_test.TestWhatsApp" name="test_start_session" time="0.604" /><testcase classname="tests.backend_test.TestCouponsAndPreview" name="test_create_coupon" time="0.668" /><testcase classname="tests.backend_test.TestWhatsApp" name="test_session_status" time="2.080" /><testcase classname="tests.backend_test.TestCouponsAndPreview" name="test_list_coupons" time="0.064" /><testcase classname="tests.backend_test.TestCouponsAndPreview" name="test_preview_with_valid_coupon" time="0.053" /><testcase classname="tests.backend_test.TestCouponsAndPreview" name="test_preview_with_invalid_coupon" time="0.062" /><testcase classname="tests.backend_test.TestAdminAuth" name="test_admin_login" time="0.000" /><testcase classname="tests.backend_test.TestAdminAuth" name="test_admin_me" time="0.079" /><testcase classname="tests.backend_test.TestAdminAuth" name="test_admin_login_wrong_password" time="0.304" /><testcase classname="tests.backend_test.TestCatalogSeed" name="test_categories_seeded" time="0.001" /><testcase classname="tests.backend_test.TestCatalogSeed" name="test_products_seeded" time="0.000" /><testcase classname="tests.backend_test.TestOrderCreate" name="test_create_credits_order_pix_null" time="0.070" /><testcase classname="tests.backend_test.TestOrderCreate" name="test_list_my_orders" time="0.051" /><testcase classname="tests.backend_test.TestAdminDashboard" name="test_dashboard_kpis" time="0.062" /><testcase classname="tests.backend_test.TestAdminDashboard" name="test_admin_dashboard_requires_admin" time="0.051" /><testcase classname="tests.backend_test.TestAdminCatalog" name="test_create_category" time="0.057" /><testcase classname="tests.backend_test.TestAdminCatalog" name="test_create_product" time="0.072" /><testcase classname="tests.backend_test.TestTickets" name="test_user_create_ticket" time="0.081" /><testcase classname="tests.backend_test.TestTickets" name="test_admin_list_tickets" time="0.075" /><testcase classname="tests.backend_test.TestMarketingBP" name="test_list_promotions_active" time="0.071" /><testcase classname="tests.backend_test.TestMarketingBP" name="test_create_banner" time="0.062" /><testcase classname="tests.backend_test.TestLogs" name="test_admin_logs" time="0.186" /><testcase classname="tests.backend_test.TestWhatsApp" name="test_list_sessions_has_test1" time="0.050" /><testcase classname="tests.backend_test.TestWhatsApp" name="test_templates_default" time="0.048" /></testsuite></testsuites>