<?xml version="1.0" encoding="utf-8"?><testsuites name="pytest tests"><testsuite name="pytest" errors="0" failures="0" skipped="0" tests="40" time="4.879" timestamp="2026-07-22T04:20:08.552413+00:00" hostname="agent-env-2b69cd3b-1f58-40a1-936a-353382a838af"><testcase classname="tests.backend_test.TestUserAuth" name="test_register_created" time="0.614" /><testcase classname="tests.backend_test.TestUserAuth" name="test_register_invalid_cpf" time="0.042" /><testcase classname="tests.backend_test.TestUserAuth" name="test_register_duplicate_cpf" time="0.074" /><testcase classname="tests.backend_test.TestUserAuth" name="test_login" time="0.270" /><testcase classname="tests.backend_test.TestOrdersPreview" name="test_activation_single" time="1.002" /><testcase classname="tests.backend_test.TestUserAuth" name="test_login_bad_password" time="0.266" /><testcase classname="tests.backend_test.TestOrdersPreview" name="test_activation_missing_custom_field" time="0.267" /><testcase classname="tests.backend_test.TestUserAuth" name="test_me" time="0.052" /><testcase classname="tests.backend_test.TestOrdersPreview" name="test_two_activation_products_rejected" time="0.050" /><testcase classname="tests.backend_test.TestOrdersPreview" name="test_mixing_rejected" time="0.088" /><testcase classname="tests.backend_test.TestHealth" name="test_api_root" time="0.039" /><testcase classname="tests.backend_test.TestHealth" name="test_health" time="0.043" /><testcase classname="tests.backend_test.TestHealth" name="test_ready" time="0.045" /><testcase classname="tests.backend_test.TestOrdersPreview" name="test_credits_volume_discount" time="0.047" /><testcase classname="tests.backend_test.TestHealth" name="test_live" time="0.082" /><testcase classname="tests.backend_test.TestOrdersPreview" name="test_credits_qty_out_of_range" time="0.048" /><testcase classname="tests.backend_test.TestWhatsApp" name="test_start_session" time="0.592" /><testcase classname="tests.backend_test.TestCouponsAndPreview" name="test_create_coupon" time="0.616" /><testcase classname="tests.backend_test.TestWhatsApp" name="test_session_status" time="2.076" /><testcase classname="tests.backend_test.TestCouponsAndPreview" name="test_list_coupons" time="0.044" /><testcase classname="tests.backend_test.TestCouponsAndPreview" name="test_preview_with_valid_coupon" time="0.046" /><testcase classname="tests.backend_test.TestCouponsAndPreview" name="test_preview_with_invalid_coupon" time="0.054" /><testcase classname="tests.backend_test.TestAdminAuth" name="test_admin_login" time="0.000" /><testcase classname="tests.backend_test.TestAdminAuth" name="test_admin_me" time="0.048" /><testcase classname="tests.backend_test.TestAdminAuth" name="test_admin_login_wrong_password" time="0.267" /><testcase classname="tests.backend_test.TestCatalogSeed" name="test_categories_seeded" time="0.000" /><testcase classname="tests.backend_test.TestCatalogSeed" name="test_products_seeded" time="0.000" /><testcase classname="tests.backend_test.TestOrderCreate" name="test_create_credits_order_pix_null" time="0.044" /><testcase classname="tests.backend_test.TestOrderCreate" name="test_list_my_orders" time="0.042" /><testcase classname="tests.backend_test.TestAdminDashboard" name="test_dashboard_kpis" time="0.054" /><testcase classname="tests.backend_test.TestAdminDashboard" name="test_admin_dashboard_requires_admin" time="0.040" /><testcase classname="tests.backend_test.TestAdminCatalog" name="test_create_category" time="0.043" /><testcase classname="tests.backend_test.TestAdminCatalog" name="test_create_product" time="0.042" /><testcase classname="tests.backend_test.TestTickets" name="test_user_create_ticket" time="0.057" /><testcase classname="tests.backend_test.TestTickets" name="test_admin_list_tickets" time="0.044" /><testcase classname="tests.backend_test.TestMarketingBP" name="test_list_promotions_active" time="0.042" /><testcase classname="tests.backend_test.TestMarketingBP" name="test_create_banner" time="0.045" /><testcase classname="tests.backend_test.TestLogs" name="test_admin_logs" time="0.045" /><testcase classname="tests.backend_test.TestWhatsApp" name="test_list_sessions_has_test1" time="0.054" /><testcase classname="tests.backend_test.TestWhatsApp" name="test_templates_default" time="0.049" /></testsuite></testsuites>